[15-Dec-2021 14:02:01] NOTICE: fpm is running, pid 9497
[15-Dec-2021 14:02:01] NOTICE: ready to handle connections
<<<<<<< ca5718bccc766911a753bb3b8b5200936974d0e6
=======
[24-Dec-2021 14:47:23] NOTICE: Terminating ...
[24-Dec-2021 14:47:23] NOTICE: Terminating ...
[24-Dec-2021 14:47:23] NOTICE: exiting, bye-bye!
[24-Dec-2021 14:47:39] NOTICE: fpm is running, pid 98999
[24-Dec-2021 14:47:39] NOTICE: ready to handle connections
[24-Dec-2021 15:02:35] NOTICE: Terminating ...
[24-Dec-2021 15:02:35] NOTICE: Terminating ...
[24-Dec-2021 15:02:35] NOTICE: exiting, bye-bye!
[24-Dec-2021 15:02:49] NOTICE: fpm is running, pid 99131
[24-Dec-2021 15:02:49] NOTICE: ready to handle connections
[24-Dec-2021 15:35:27] NOTICE: Terminating ...
[24-Dec-2021 15:35:27] NOTICE: Terminating ...
[24-Dec-2021 15:35:27] NOTICE: exiting, bye-bye!
[24-Dec-2021 15:35:31] NOTICE: fpm is running, pid 99522
[24-Dec-2021 15:35:31] NOTICE: ready to handle connections
[03-Jan-2022 02:03:29] NOTICE: Terminating ...
[03-Jan-2022 02:03:29] NOTICE: Terminating ...
[03-Jan-2022 02:03:29] NOTICE: exiting, bye-bye!
[20-Jan-2022 12:42:18] NOTICE: fpm is running, pid 74266
[20-Jan-2022 12:42:18] NOTICE: ready to handle connections
[24-Jan-2022 15:38:27] NOTICE: fpm is running, pid 786
[24-Jan-2022 15:38:27] NOTICE: ready to handle connections
>>>>>>> from gitkraken
